[ ] 2021-09-29 17:34:29.614350 | Start computing product tree: 15000
[ ] 2021-09-29 17:34:29.636757 | Finish computing product tree: 7500
[ ] 2021-09-29 17:34:29.636788 | Start computing product tree: 7500
[ ] 2021-09-29 17:34:29.662966 | Finish computing product tree: 3750
[ ] 2021-09-29 17:34:29.663002 | Start computing product tree: 3750
[ ] 2021-09-29 17:34:29.700966 | Finish computing product tree: 1875
[ ] 2021-09-29 17:34:29.700995 | Start computing product tree: 1875
[ ] 2021-09-29 17:34:29.755110 | Finish computing product tree: 938
[ ] 2021-09-29 17:34:29.755138 | Start computing product tree: 938
[ ] 2021-09-29 17:34:29.838329 | Finish computing product tree: 469
[ ] 2021-09-29 17:34:29.838361 | Start computing product tree: 469
[ ] 2021-09-29 17:34:29.959693 | Finish computing product tree: 235
[ ] 2021-09-29 17:34:29.959721 | Start computing product tree: 235
[ ] 2021-09-29 17:34:30.138926 | Finish computing product tree: 118
[ ] 2021-09-29 17:34:30.138956 | Start computing product tree: 118
[ ] 2021-09-29 17:34:30.428812 | Finish computing product tree: 59
[ ] 2021-09-29 17:34:30.428845 | Start computing product tree: 59
[ ] 2021-09-29 17:34:30.901616 | Finish computing product tree: 30
[ ] 2021-09-29 17:34:30.901651 | Start computing product tree: 30
[ ] 2021-09-29 17:34:31.566669 | Finish computing product tree: 15
[ ] 2021-09-29 17:34:31.566700 | Start computing product tree: 15
[ ] 2021-09-29 17:34:32.570628 | Finish computing product tree: 8
[ ] 2021-09-29 17:34:32.570657 | Start computing product tree: 8
[ ] 2021-09-29 17:34:34.149529 | Finish computing product tree: 4
[ ] 2021-09-29 17:34:34.149569 | Start computing product tree: 4
[ ] 2021-09-29 17:34:36.407361 | Finish computing product tree: 2
[ ] 2021-09-29 17:34:36.407396 | Start computing product tree: 2
[ ] 2021-09-29 17:34:40.936638 | Finish computing product tree: 1
[ ] 2021-09-29 17:34:40.936677 | Start computing remainder tree: 2
[ ] 2021-09-29 17:35:27.354876 | Finish computing remainder tree: 2
[ ] 2021-09-29 17:35:27.354918 | Start computing remainder tree: 4
[ ] 2021-09-29 17:41:34.373081 | Finish computing remainder tree: 4
[ ] 2021-09-29 17:41:34.373116 | Start computing remainder tree: 8
[ ] 2021-09-29 17:44:48.831685 | Finish computing remainder tree: 8
[ ] 2021-09-29 17:44:48.831715 | Start computing remainder tree: 15
[ ] 2021-09-29 17:46:32.007074 | Finish computing remainder tree: 15
[ ] 2021-09-29 17:46:32.007107 | Start computing remainder tree: 30
[ ] 2021-09-29 17:47:24.446100 | Finish computing remainder tree: 30
[ ] 2021-09-29 17:47:24.446150 | Start computing remainder tree: 59
[ ] 2021-09-29 17:47:51.002032 | Finish computing remainder tree: 59
[ ] 2021-09-29 17:47:51.002068 | Start computing remainder tree: 118
[ ] 2021-09-29 17:48:04.387664 | Finish computing remainder tree: 118
[ ] 2021-09-29 17:48:04.387709 | Start computing remainder tree: 235
[ ] 2021-09-29 17:48:11.170003 | Finish computing remainder tree: 235
[ ] 2021-09-29 17:48:11.170059 | Start computing remainder tree: 469
[ ] 2021-09-29 17:48:14.612694 | Finish computing remainder tree: 469
[ ] 2021-09-29 17:48:14.612778 | Start computing remainder tree: 938
[ ] 2021-09-29 17:48:16.392645 | Finish computing remainder tree: 938
[ ] 2021-09-29 17:48:16.392763 | Start computing remainder tree: 1875
[ ] 2021-09-29 17:48:17.316502 | Finish computing remainder tree: 1875
[ ] 2021-09-29 17:48:17.316656 | Start computing remainder tree: 3750
[ ] 2021-09-29 17:48:17.798394 | Finish computing remainder tree: 3750
[ ] 2021-09-29 17:48:17.798663 | Start computing remainder tree: 7500
[ ] 2021-09-29 17:48:18.062347 | Finish computing remainder tree: 7500
[ ] 2021-09-29 17:48:18.062684 | Start computing remainder tree: 15000
[ ] 2021-09-29 17:48:18.231477 | Finish computing remainder tree: 15000
[ ] 2021-09-29 17:48:18.460986 | Time elapsed: 828.8466324806213s
[ ] 2021-09-29 17:48:18.461241 | Small factor:
[*] 2021-09-29 17:48:18.461253 | -> n = 177425808949808178324418606843030512246217675312508385948789256572545883250807263894140238188344739376647569328367870681559304935365281524558997690793777949812258476282752367313698716681328693957125578452961333500390492828290392299731267078893211034543554289175209087677499524560073088868332037049104908471452194
[*] 2021-09-29 17:48:18.461262 | -> g = 1554
[*] 2021-09-29 17:48:18.461273 | -> encrypted_secret = 2344614521878650827003982652316655933938447463923753003302629723947110747591946992586472839595814743904732438180323411075406809114989890468939406404717500818812005815680855624718502051132947498014557267757872812229403885984783833679536684044098485084720713409566055253210443536985660709781049528902432975600
[ ] 2021-09-29 17:48:18.462460 | Small factor:
[*] 2021-09-29 17:48:18.462470 | -> n = 1214916464338516288501167948149142743256519211076229637031265134931590935473769438356183878279717301203639260569185396270959337543262265363331166302089264111609648750564656109214818759461883629572599523141437839247189125426496909683032367542163961172053742082271140155697762173377299614919803987790924874958159
[*] 2021-09-29 17:48:18.462478 | -> g = 106172495729060096622185723248201778671721655876118096571696623930923117659132548550734612522167946161014580288602631954933788038335277001900449182425733563
[*] 2021-09-29 17:48:18.462487 | -> encrypted_secret = 82677182691657037535712100806179988878352144229920357478146426837543498333751875104151137683081358503152709133333987512729762564937880383088494499908393305155512664401137746411281028331148378818918817462036384532741219448667247981495633140374231840105905824349863242554524753709365959787191867089661091064685
[ ] 2021-09-29 17:48:18.462934 | Small factor:
[*] 2021-09-29 17:48:18.462942 | -> n = 130758033143966105131935483757835915581218318647551497183210665026935122952172230142863022630572325252572394139987753316261021257317427494969978254672374639990037949088478085169412710407549132986203883239095641576527768018682469378656212851907838941545300794266125979913046898369230682741577761186645854938225196
[*] 2021-09-29 17:48:18.462946 | -> g = 1612
[*] 2021-09-29 17:48:18.462954 | -> encrypted_secret = 58699719216357545056500631718036238882086242867870825931557385722208744488291301388003960880975974019598895319398553965301600165154212580857740264746734474689093582066955239707971546414751611797569448195123911184356823696243380764907033225903769402541898123761158272082566090885474477183314073268867198522815
[ ] 2021-09-29 17:48:18.463311 | Small factor:
[*] 2021-09-29 17:48:18.463319 | -> n = 71270627357938121169427613731859570166418837870513542999017577907357030661610994361115831344670564755720030735851928088096723645935880436767721224700765715193063354262663289683177592492573512891208777679571379086561390505560124832982480920679444154895215628547091243942647523384325862805540717345787774646981
[*] 2021-09-29 17:48:18.463324 | -> g = 9652045066278190602016883931654707151974695988738008779245147630083919787193868050066782956560722378274052753509330177721253458030479727445495380220521233
[*] 2021-09-29 17:48:18.463332 | -> encrypted_secret = 2923976012479460779892557406726536613860336130618769460852606340586829559993437576725298126409169873364922286521039957387371110037775088991142587831922198381152000507878801201709243773647625741221441154357150495454371428952052229062445123419891314083858248348635911492343546942136247673108889945957171596965
[ ] 2021-09-29 17:48:18.463472 | Small factor:
[*] 2021-09-29 17:48:18.463479 | -> n = 358893257475040495268957478011258730272643835847597717134019210981293422821950495279645069800856617219259083583608717814689886772111822437036162637537927646737136587103089558330869236564900716269178952885823146897420630041982505662504939774683132887028663059175670611039883247697552279949434538218686079325537496
[*] 2021-09-29 17:48:18.463483 | -> g = 2312
[*] 2021-09-29 17:48:18.463490 | -> encrypted_secret = 83887250438291967327610810782145120778482545621441964307769687425799524180957187965461631706975708226090006481357506021935719344272226807058358492212639264171643115250621755503538599138253308593692721989736788258060984344844419769259763808086053201227162797962217588556496198082536032436056204046824925623672
[ ] 2021-09-29 17:48:18.463539 | Small factor:
[*] 2021-09-29 17:48:18.463547 | -> n = 111705968353973832818508234606149067729525845227937845085818714255964836414908595027238269610933122228114056305722544166719027724462365390634560795071878370149737089655291471122160390093749277734373689942846132543726129688825781019852408593545390319079559732309831555934709464996223239329716063522638993909103
[*] 2021-09-29 17:48:18.463553 | -> g = 9281470891882358824108862730621610461051064830072676230462475374418972192201893065024512733092131837624019189417214612773082103910005802323228580600395151
[*] 2021-09-29 17:48:18.463561 | -> encrypted_secret = 66069941100685158309976888578763121198611806324339831611910594655040473011972715545432395375284048754175491172805279772367458186397448045559658319619927274257185232311650868339228535368051368050185644112667156396418246977643880932994725678514450228134233567396561661080952750291789754195432708923791672893965
[ ] 2021-09-29 17:48:18.463751 | Small factor:
[*] 2021-09-29 17:48:18.463768 | -> n = 144890504258495109301341768479626231928920741538533657389795212382122561811829522345982185311957346329991805238333850776938198675125799848440701394574776147581862298073576466336690399762404360800593148450620810605429451383794072369706329732932762453601699468847975388335782021623272681272216641859984231113526
[*] 2021-09-29 17:48:18.463779 | -> g = 18562941783764717648217725461243220922102129660145352460924950748837944384403786130049025466184263675248038378834429225546164207820011604646457161200790302
[*] 2021-09-29 17:48:18.463790 | -> encrypted_secret = 31851641501733417897040807065402305014767430237427628133753676989377906881773788560362087951532510406050924630098827699194362392686944429664084414460186114458343426653438482706240417944942510972546036269139714193106659736062711173576696163108070928597652533315454278813262464868139742379698878691485191443569
